2020-02-27 08:50:53,316 INFO com.walmartassignment.WalmartAssignmentApplication [restartedMain] No active profile set, falling back to default profiles: default
2020-02-27 08:50:54,776 INFO org.springframework.cloud.context.scope.GenericScope [restartedMain] BeanFactory id=1c29bd3b-49de-3953-83f8-1b4908bbd360
2020-02-27 08:50:57,275 INFO org.springframework.boot.web.embedded.tomcat.TomcatWebServer [restartedMain] Tomcat initialized with port(s): 8080 (http)
2020-02-27 08:50:57,321 INFO org.apache.coyote.http11.Http11NioProtocol [restartedMain] Initializing ProtocolHandler ["http-nio-8080"]
2020-02-27 08:50:57,339 INFO org.apache.catalina.core.StandardService [restartedMain] Starting service [Tomcat]
2020-02-27 08:50:57,339 INFO org.apache.catalina.core.StandardEngine [restartedMain] Starting Servlet engine: [Apache Tomcat/9.0.30]
2020-02-27 08:50:57,841 INFO org.apache.catalina.core.ContainerBase.[Tomcat].[localhost].[/] [restartedMain] Initializing Spring embedded WebApplicationContext
2020-02-27 08:50:57,841 INFO org.springframework.web.context.ContextLoader [restartedMain] Root WebApplicationContext: initialization completed in 4476 ms
2020-02-27 08:50:58,163 WARN org.springframework.cloud.netflix.archaius.ArchaiusAutoConfiguration [restartedMain] No spring.application.name found, defaulting to 'application'
2020-02-27 08:50:58,173 WARN com.netflix.config.sources.URLConfigurationSource [restartedMain] No URLs will be polled as dynamic configuration sources.
2020-02-27 08:50:58,173 INFO com.netflix.config.sources.URLConfigurationSource [restartedMain] To enable URLs as dynamic configuration sources, define System property archaius.configurationSource.additionalUrls or make config.properties available on classpath.
2020-02-27 08:50:58,182 WARN com.netflix.config.sources.URLConfigurationSource [restartedMain] No URLs will be polled as dynamic configuration sources.
2020-02-27 08:50:58,182 INFO com.netflix.config.sources.URLConfigurationSource [restartedMain] To enable URLs as dynamic configuration sources, define System property archaius.configurationSource.additionalUrls or make config.properties available on classpath.
2020-02-27 08:50:58,702 INFO org.springframework.scheduling.concurrent.ThreadPoolTaskExecutor [restartedMain] Initializing ExecutorService 'applicationTaskExecutor'
2020-02-27 08:50:59,117 INFO org.springframework.boot.devtools.autoconfigure.OptionalLiveReloadServer [restartedMain] LiveReload server is running on port 35729
2020-02-27 08:51:00,706 INFO org.apache.coyote.http11.Http11NioProtocol [restartedMain] Starting ProtocolHandler ["http-nio-8080"]
2020-02-27 08:51:00,782 INFO org.springframework.boot.web.embedded.tomcat.TomcatWebServer [restartedMain] Tomcat started on port(s): 8080 (http) with context path ''
2020-02-27 08:51:01,322 INFO com.walmartassignment.WalmartAssignmentApplication [restartedMain] Started WalmartAssignmentApplication in 10.988 seconds (JVM running for 12.73)
2020-02-27 08:51:01,324 DEBUG com.walmartassignment.WalmartAssignmentApplication [restartedMain] Application Started ...
2020-02-27 08:53:58,772 INFO org.apache.catalina.core.ContainerBase.[Tomcat].[localhost].[/] [http-nio-8080-exec-3] Initializing Spring DispatcherServlet 'dispatcherServlet'
2020-02-27 08:53:58,773 INFO org.springframework.web.servlet.DispatcherServlet [http-nio-8080-exec-3] Initializing Servlet 'dispatcherServlet'
2020-02-27 08:53:58,796 INFO org.springframework.web.servlet.DispatcherServlet [http-nio-8080-exec-3] Completed initialization in 22 ms
2020-02-27 08:53:59,440 DEBUG com.walmartassignment.resource.ProductResource [hystrix-ProductResource-1] Class ProductResource Method getProducts
2020-02-27 08:54:00,420 DEBUG com.walmartassignment.resource.ProductResource [HystrixTimer-1] Class ProductResource Method getProducts fallbackMethod getProductsFallBack
2020-02-27 08:56:48,650 INFO org.springframework.scheduling.concurrent.ThreadPoolTaskExecutor [Thread-8] Shutting down ExecutorService 'applicationTaskExecutor'
2020-02-27 08:56:50,591 INFO com.walmartassignment.WalmartAssignmentApplication [restartedMain] No active profile set, falling back to default profiles: default
2020-02-27 08:56:51,386 INFO org.springframework.cloud.context.scope.GenericScope [restartedMain] BeanFactory id=1c29bd3b-49de-3953-83f8-1b4908bbd360
2020-02-27 08:56:51,747 INFO org.springframework.boot.web.embedded.tomcat.TomcatWebServer [restartedMain] Tomcat initialized with port(s): 8080 (http)
2020-02-27 08:56:51,749 INFO org.apache.coyote.http11.Http11NioProtocol [restartedMain] Initializing ProtocolHandler ["http-nio-8080"]
2020-02-27 08:56:51,750 INFO org.apache.catalina.core.StandardService [restartedMain] Starting service [Tomcat]
2020-02-27 08:56:51,750 INFO org.apache.catalina.core.StandardEngine [restartedMain] Starting Servlet engine: [Apache Tomcat/9.0.30]
2020-02-27 08:56:51,836 INFO org.apache.catalina.core.ContainerBase.[Tomcat].[localhost].[/] [restartedMain] Initializing Spring embedded WebApplicationContext
2020-02-27 08:56:51,836 INFO org.springframework.web.context.ContextLoader [restartedMain] Root WebApplicationContext: initialization completed in 1237 ms
2020-02-27 08:56:51,919 WARN org.springframework.cloud.netflix.archaius.ArchaiusAutoConfiguration [restartedMain] No spring.application.name found, defaulting to 'application'
2020-02-27 08:56:51,920 WARN com.netflix.config.sources.URLConfigurationSource [restartedMain] No URLs will be polled as dynamic configuration sources.
2020-02-27 08:56:51,921 INFO com.netflix.config.sources.URLConfigurationSource [restartedMain] To enable URLs as dynamic configuration sources, define System property archaius.configurationSource.additionalUrls or make config.properties available on classpath.
2020-02-27 08:56:52,123 INFO org.springframework.scheduling.concurrent.ThreadPoolTaskExecutor [restartedMain] Initializing ExecutorService 'applicationTaskExecutor'
2020-02-27 08:56:52,309 INFO org.springframework.boot.devtools.autoconfigure.OptionalLiveReloadServer [restartedMain] LiveReload server is running on port 35729
2020-02-27 08:56:53,854 INFO org.apache.coyote.http11.Http11NioProtocol [restartedMain] Starting ProtocolHandler ["http-nio-8080"]
2020-02-27 08:56:53,860 INFO org.springframework.boot.web.embedded.tomcat.TomcatWebServer [restartedMain] Tomcat started on port(s): 8080 (http) with context path ''
2020-02-27 08:56:54,504 INFO com.walmartassignment.WalmartAssignmentApplication [restartedMain] Started WalmartAssignmentApplication in 5.218 seconds (JVM running for 365.912)
2020-02-27 08:56:54,508 INFO org.springframework.boot.devtools.autoconfigure.ConditionEvaluationDeltaLoggingListener [restartedMain] Condition evaluation unchanged
2020-02-27 08:56:54,509 DEBUG com.walmartassignment.WalmartAssignmentApplication [restartedMain] Application Started ...
2020-02-27 08:57:11,825 INFO org.springframework.scheduling.concurrent.ThreadPoolTaskExecutor [Thread-12] Shutting down ExecutorService 'applicationTaskExecutor'
2020-02-27 08:57:13,752 INFO com.walmartassignment.WalmartAssignmentApplication [restartedMain] No active profile set, falling back to default profiles: default
2020-02-27 08:57:14,181 INFO org.springframework.cloud.context.scope.GenericScope [restartedMain] BeanFactory id=1c29bd3b-49de-3953-83f8-1b4908bbd360
2020-02-27 08:57:14,484 INFO org.springframework.boot.web.embedded.tomcat.TomcatWebServer [restartedMain] Tomcat initialized with port(s): 8080 (http)
2020-02-27 08:57:14,486 INFO org.apache.coyote.http11.Http11NioProtocol [restartedMain] Initializing ProtocolHandler ["http-nio-8080"]
2020-02-27 08:57:14,486 INFO org.apache.catalina.core.StandardService [restartedMain] Starting service [Tomcat]
2020-02-27 08:57:14,487 INFO org.apache.catalina.core.StandardEngine [restartedMain] Starting Servlet engine: [Apache Tomcat/9.0.30]
2020-02-27 08:57:14,523 INFO org.apache.catalina.core.ContainerBase.[Tomcat].[localhost].[/] [restartedMain] Initializing Spring embedded WebApplicationContext
2020-02-27 08:57:14,524 INFO org.springframework.web.context.ContextLoader [restartedMain] Root WebApplicationContext: initialization completed in 766 ms
2020-02-27 08:57:14,594 WARN org.springframework.cloud.netflix.archaius.ArchaiusAutoConfiguration [restartedMain] No spring.application.name found, defaulting to 'application'
2020-02-27 08:57:14,595 WARN com.netflix.config.sources.URLConfigurationSource [restartedMain] No URLs will be polled as dynamic configuration sources.
2020-02-27 08:57:14,595 INFO com.netflix.config.sources.URLConfigurationSource [restartedMain] To enable URLs as dynamic configuration sources, define System property archaius.configurationSource.additionalUrls or make config.properties available on classpath.
2020-02-27 08:57:14,762 INFO org.springframework.scheduling.concurrent.ThreadPoolTaskExecutor [restartedMain] Initializing ExecutorService 'applicationTaskExecutor'
2020-02-27 08:57:14,894 INFO org.springframework.boot.devtools.autoconfigure.OptionalLiveReloadServer [restartedMain] LiveReload server is running on port 35729
2020-02-27 08:57:16,271 INFO org.apache.coyote.http11.Http11NioProtocol [restartedMain] Starting ProtocolHandler ["http-nio-8080"]
2020-02-27 08:57:16,277 INFO org.springframework.boot.web.embedded.tomcat.TomcatWebServer [restartedMain] Tomcat started on port(s): 8080 (http) with context path ''
2020-02-27 08:57:16,877 INFO com.walmartassignment.WalmartAssignmentApplication [restartedMain] Started WalmartAssignmentApplication in 4.393 seconds (JVM running for 388.284)
2020-02-27 08:57:16,879 INFO org.springframework.boot.devtools.autoconfigure.ConditionEvaluationDeltaLoggingListener [restartedMain] Condition evaluation unchanged
2020-02-27 08:57:16,880 DEBUG com.walmartassignment.WalmartAssignmentApplication [restartedMain] Application Started ...
2020-02-27 08:57:38,402 INFO org.apache.catalina.core.ContainerBase.[Tomcat].[localhost].[/] [http-nio-8080-exec-1] Initializing Spring DispatcherServlet 'dispatcherServlet'
2020-02-27 08:57:38,403 INFO org.springframework.web.servlet.DispatcherServlet [http-nio-8080-exec-1] Initializing Servlet 'dispatcherServlet'
2020-02-27 08:57:38,415 INFO org.springframework.web.servlet.DispatcherServlet [http-nio-8080-exec-1] Completed initialization in 12 ms
2020-02-27 08:57:38,444 DEBUG com.walmartassignment.resource.ProductResource [hystrix-ProductResource-1] Class ProductResource Method getProducts
2020-02-27 08:57:39,445 DEBUG com.walmartassignment.resource.ProductResource [HystrixTimer-1] fallbackMethod getProductsFallBack
2020-02-27 08:59:15,196 ERROR com.walmartassignment.exception.ProductResponseEntityExceptionHandler [http-nio-8080-exec-6] handleProductsExceptions 
2020-02-27 08:59:15,207 WARN org.springframework.web.servlet.mvc.method.annotation.ExceptionHandlerExceptionResolver [http-nio-8080-exec-6] Resolved [com.walmartassignment.exception.ProductsPageSizeException]
2020-02-27 09:03:50,274 INFO org.springframework.scheduling.concurrent.ThreadPoolTaskExecutor [Thread-20] Shutting down ExecutorService 'applicationTaskExecutor'
2020-02-27 09:03:51,683 ERROR org.springframework.boot.SpringApplication [restartedMain] Application run failed
java.lang.IllegalStateException: Logback configuration error detected: 
ERROR in ch.qos.logback.core.joran.action.AppenderRefAction - Could not find an appender named [CONSOLE]. Did you define it below instead of above in the configuration file?
ERROR in ch.qos.logback.core.joran.action.AppenderRefAction - See http://logback.qos.ch/codes.html#appender_order for more details.
ERROR in ch.qos.logback.core.joran.action.AppenderRefAction - Could not find an appender named [CONSOLE]. Did you define it below instead of above in the configuration file?
ERROR in ch.qos.logback.core.joran.action.AppenderRefAction - See http://logback.qos.ch/codes.html#appender_order for more details.
	at org.springframework.boot.logging.logback.LogbackLoggingSystem.loadConfiguration(LogbackLoggingSystem.java:169)
	at org.springframework.boot.logging.logback.LogbackLoggingSystem.reinitialize(LogbackLoggingSystem.java:222)
	at org.springframework.boot.logging.AbstractLoggingSystem.initializeWithConventions(AbstractLoggingSystem.java:73)
	at org.springframework.boot.logging.AbstractLoggingSystem.initialize(AbstractLoggingSystem.java:60)
	at org.springframework.boot.logging.logback.LogbackLoggingSystem.initialize(LogbackLoggingSystem.java:118)
	at org.springframework.boot.context.logging.LoggingApplicationListener.initializeSystem(LoggingApplicationListener.java:313)
	at org.springframework.boot.context.logging.LoggingApplicationListener.initialize(LoggingApplicationListener.java:288)
	at org.springframework.boot.context.logging.LoggingApplicationListener.onApplicationEnvironmentPreparedEvent(LoggingApplicationListener.java:246)
	at org.springframework.boot.context.logging.LoggingApplicationListener.onApplicationEvent(LoggingApplicationListener.java:223)
	at org.springframework.context.event.SimpleApplicationEventMulticaster.doInvokeListener(SimpleApplicationEventMulticaster.java:172)
	at org.springframework.context.event.SimpleApplicationEventMulticaster.invokeListener(SimpleApplicationEventMulticaster.java:165)
	at org.springframework.context.event.SimpleApplicationEventMulticaster.multicastEvent(SimpleApplicationEventMulticaster.java:139)
	at org.springframework.context.event.SimpleApplicationEventMulticaster.multicastEvent(SimpleApplicationEventMulticaster.java:127)
	at org.springframework.boot.context.event.EventPublishingRunListener.environmentPrepared(EventPublishingRunListener.java:76)
	at org.springframework.boot.SpringApplicationRunListeners.environmentPrepared(SpringApplicationRunListeners.java:53)
	at org.springframework.boot.SpringApplication.prepareEnvironment(SpringApplication.java:345)
	at org.springframework.boot.SpringApplication.run(SpringApplication.java:308)
	at org.springframework.boot.builder.SpringApplicationBuilder.run(SpringApplicationBuilder.java:140)
	at org.springframework.cloud.bootstrap.BootstrapApplicationListener.bootstrapServiceContext(BootstrapApplicationListener.java:206)
	at org.springframework.cloud.bootstrap.BootstrapApplicationListener.onApplicationEvent(BootstrapApplicationListener.java:117)
	at org.springframework.cloud.bootstrap.BootstrapApplicationListener.onApplicationEvent(BootstrapApplicationListener.java:74)
	at org.springframework.context.event.SimpleApplicationEventMulticaster.doInvokeListener(SimpleApplicationEventMulticaster.java:172)
	at org.springframework.context.event.SimpleApplicationEventMulticaster.invokeListener(SimpleApplicationEventMulticaster.java:165)
	at org.springframework.context.event.SimpleApplicationEventMulticaster.multicastEvent(SimpleApplicationEventMulticaster.java:139)
	at org.springframework.context.event.SimpleApplicationEventMulticaster.multicastEvent(SimpleApplicationEventMulticaster.java:127)
	at org.springframework.boot.context.event.EventPublishingRunListener.environmentPrepared(EventPublishingRunListener.java:76)
	at org.springframework.boot.SpringApplicationRunListeners.environmentPrepared(SpringApplicationRunListeners.java:53)
	at org.springframework.boot.SpringApplication.prepareEnvironment(SpringApplication.java:345)
	at org.springframework.boot.SpringApplication.run(SpringApplication.java:308)
	at org.springframework.boot.SpringApplication.run(SpringApplication.java:1226)
	at org.springframework.boot.SpringApplication.run(SpringApplication.java:1215)
	at com.walmartassignment.WalmartAssignmentApplication.main(WalmartAssignmentApplication.java:17)
	at sun.reflect.NativeMethodAccessorImpl.invoke0(Native Method)
	at sun.reflect.NativeMethodAccessorImpl.invoke(NativeMethodAccessorImpl.java:62)
	at sun.reflect.DelegatingMethodAccessorImpl.invoke(DelegatingMethodAccessorImpl.java:43)
	at java.lang.reflect.Method.invoke(Method.java:497)
	at org.springframework.boot.devtools.restart.RestartLauncher.run(RestartLauncher.java:49)
2020-02-27 09:03:51,685 ERROR org.springframework.boot.SpringApplication [restartedMain] Application run failed
java.lang.IllegalStateException: Logback configuration error detected: 
ERROR in ch.qos.logback.core.joran.action.AppenderRefAction - Could not find an appender named [CONSOLE]. Did you define it below instead of above in the configuration file?
ERROR in ch.qos.logback.core.joran.action.AppenderRefAction - See http://logback.qos.ch/codes.html#appender_order for more details.
ERROR in ch.qos.logback.core.joran.action.AppenderRefAction - Could not find an appender named [CONSOLE]. Did you define it below instead of above in the configuration file?
ERROR in ch.qos.logback.core.joran.action.AppenderRefAction - See http://logback.qos.ch/codes.html#appender_order for more details.
	at org.springframework.boot.logging.logback.LogbackLoggingSystem.loadConfiguration(LogbackLoggingSystem.java:169)
	at org.springframework.boot.logging.logback.LogbackLoggingSystem.reinitialize(LogbackLoggingSystem.java:222)
	at org.springframework.boot.logging.AbstractLoggingSystem.initializeWithConventions(AbstractLoggingSystem.java:73)
	at org.springframework.boot.logging.AbstractLoggingSystem.initialize(AbstractLoggingSystem.java:60)
	at org.springframework.boot.logging.logback.LogbackLoggingSystem.initialize(LogbackLoggingSystem.java:118)
	at org.springframework.boot.context.logging.LoggingApplicationListener.initializeSystem(LoggingApplicationListener.java:313)
	at org.springframework.boot.context.logging.LoggingApplicationListener.initialize(LoggingApplicationListener.java:288)
	at org.springframework.boot.context.logging.LoggingApplicationListener.onApplicationEnvironmentPreparedEvent(LoggingApplicationListener.java:246)
	at org.springframework.boot.context.logging.LoggingApplicationListener.onApplicationEvent(LoggingApplicationListener.java:223)
	at org.springframework.context.event.SimpleApplicationEventMulticaster.doInvokeListener(SimpleApplicationEventMulticaster.java:172)
	at org.springframework.context.event.SimpleApplicationEventMulticaster.invokeListener(SimpleApplicationEventMulticaster.java:165)
	at org.springframework.context.event.SimpleApplicationEventMulticaster.multicastEvent(SimpleApplicationEventMulticaster.java:139)
	at org.springframework.context.event.SimpleApplicationEventMulticaster.multicastEvent(SimpleApplicationEventMulticaster.java:127)
	at org.springframework.boot.context.event.EventPublishingRunListener.environmentPrepared(EventPublishingRunListener.java:76)
	at org.springframework.boot.SpringApplicationRunListeners.environmentPrepared(SpringApplicationRunListeners.java:53)
	at org.springframework.boot.SpringApplication.prepareEnvironment(SpringApplication.java:345)
	at org.springframework.boot.SpringApplication.run(SpringApplication.java:308)
	at org.springframework.boot.builder.SpringApplicationBuilder.run(SpringApplicationBuilder.java:140)
	at org.springframework.cloud.bootstrap.BootstrapApplicationListener.bootstrapServiceContext(BootstrapApplicationListener.java:206)
	at org.springframework.cloud.bootstrap.BootstrapApplicationListener.onApplicationEvent(BootstrapApplicationListener.java:117)
	at org.springframework.cloud.bootstrap.BootstrapApplicationListener.onApplicationEvent(BootstrapApplicationListener.java:74)
	at org.springframework.context.event.SimpleApplicationEventMulticaster.doInvokeListener(SimpleApplicationEventMulticaster.java:172)
	at org.springframework.context.event.SimpleApplicationEventMulticaster.invokeListener(SimpleApplicationEventMulticaster.java:165)
	at org.springframework.context.event.SimpleApplicationEventMulticaster.multicastEvent(SimpleApplicationEventMulticaster.java:139)
	at org.springframework.context.event.SimpleApplicationEventMulticaster.multicastEvent(SimpleApplicationEventMulticaster.java:127)
	at org.springframework.boot.context.event.EventPublishingRunListener.environmentPrepared(EventPublishingRunListener.java:76)
	at org.springframework.boot.SpringApplicationRunListeners.environmentPrepared(SpringApplicationRunListeners.java:53)
	at org.springframework.boot.SpringApplication.prepareEnvironment(SpringApplication.java:345)
	at org.springframework.boot.SpringApplication.run(SpringApplication.java:308)
	at org.springframework.boot.SpringApplication.run(SpringApplication.java:1226)
	at org.springframework.boot.SpringApplication.run(SpringApplication.java:1215)
	at com.walmartassignment.WalmartAssignmentApplication.main(WalmartAssignmentApplication.java:17)
	at sun.reflect.NativeMethodAccessorImpl.invoke0(Native Method)
	at sun.reflect.NativeMethodAccessorImpl.invoke(NativeMethodAccessorImpl.java:62)
	at sun.reflect.DelegatingMethodAccessorImpl.invoke(DelegatingMethodAccessorImpl.java:43)
	at java.lang.reflect.Method.invoke(Method.java:497)
	at org.springframework.boot.devtools.restart.RestartLauncher.run(RestartLauncher.java:49)
2020-02-27 09:06:01,161 INFO com.walmartassignment.WalmartAssignmentApplication [restartedMain] No active profile set, falling back to default profiles: default
2020-02-27 09:06:02,669 INFO org.springframework.cloud.context.scope.GenericScope [restartedMain] BeanFactory id=1c29bd3b-49de-3953-83f8-1b4908bbd360
2020-02-27 09:06:04,950 INFO org.springframework.boot.web.embedded.tomcat.TomcatWebServer [restartedMain] Tomcat initialized with port(s): 8080 (http)
2020-02-27 09:06:04,978 INFO org.apache.coyote.http11.Http11NioProtocol [restartedMain] Initializing ProtocolHandler ["http-nio-8080"]
2020-02-27 09:06:04,979 INFO org.apache.catalina.core.StandardService [restartedMain] Starting service [Tomcat]
2020-02-27 09:06:04,980 INFO org.apache.catalina.core.StandardEngine [restartedMain] Starting Servlet engine: [Apache Tomcat/9.0.30]
2020-02-27 09:06:05,315 INFO org.apache.catalina.core.ContainerBase.[Tomcat].[localhost].[/] [restartedMain] Initializing Spring embedded WebApplicationContext
2020-02-27 09:06:05,316 INFO org.springframework.web.context.ContextLoader [restartedMain] Root WebApplicationContext: initialization completed in 4093 ms
2020-02-27 09:06:05,615 WARN org.springframework.cloud.netflix.archaius.ArchaiusAutoConfiguration [restartedMain] No spring.application.name found, defaulting to 'application'
2020-02-27 09:06:05,623 WARN com.netflix.config.sources.URLConfigurationSource [restartedMain] No URLs will be polled as dynamic configuration sources.
2020-02-27 09:06:05,624 INFO com.netflix.config.sources.URLConfigurationSource [restartedMain] To enable URLs as dynamic configuration sources, define System property archaius.configurationSource.additionalUrls or make config.properties available on classpath.
2020-02-27 09:06:05,634 WARN com.netflix.config.sources.URLConfigurationSource [restartedMain] No URLs will be polled as dynamic configuration sources.
2020-02-27 09:06:05,635 INFO com.netflix.config.sources.URLConfigurationSource [restartedMain] To enable URLs as dynamic configuration sources, define System property archaius.configurationSource.additionalUrls or make config.properties available on classpath.
2020-02-27 09:06:06,211 INFO org.springframework.scheduling.concurrent.ThreadPoolTaskExecutor [restartedMain] Initializing ExecutorService 'applicationTaskExecutor'
2020-02-27 09:06:06,685 INFO org.springframework.boot.devtools.autoconfigure.OptionalLiveReloadServer [restartedMain] LiveReload server is running on port 35729
2020-02-27 09:06:08,072 INFO org.apache.coyote.http11.Http11NioProtocol [restartedMain] Starting ProtocolHandler ["http-nio-8080"]
2020-02-27 09:06:08,210 INFO org.springframework.boot.web.embedded.tomcat.TomcatWebServer [restartedMain] Tomcat started on port(s): 8080 (http) with context path ''
2020-02-27 09:06:08,804 INFO com.walmartassignment.WalmartAssignmentApplication [restartedMain] Started WalmartAssignmentApplication in 10.66 seconds (JVM running for 12.569)
2020-02-27 09:06:08,806 DEBUG com.walmartassignment.WalmartAssignmentApplication [restartedMain] Application Started ...
2020-02-27 09:06:59,270 INFO org.apache.catalina.core.ContainerBase.[Tomcat].[localhost].[/] [http-nio-8080-exec-1] Initializing Spring DispatcherServlet 'dispatcherServlet'
2020-02-27 09:06:59,272 INFO org.springframework.web.servlet.DispatcherServlet [http-nio-8080-exec-1] Initializing Servlet 'dispatcherServlet'
2020-02-27 09:06:59,295 INFO org.springframework.web.servlet.DispatcherServlet [http-nio-8080-exec-1] Completed initialization in 22 ms
2020-02-27 09:06:59,415 ERROR com.walmartassignment.exception.ProductResponseEntityExceptionHandler [http-nio-8080-exec-1] handleProductsExceptions 
2020-02-27 09:06:59,618 WARN org.springframework.web.servlet.mvc.method.annotation.ExceptionHandlerExceptionResolver [http-nio-8080-exec-1] Resolved [com.walmartassignment.exception.ProductsPageSizeException]
2020-02-27 11:08:08,782 INFO org.springframework.scheduling.concurrent.ThreadPoolTaskExecutor [Thread-8] Shutting down ExecutorService 'applicationTaskExecutor'
2020-02-27 11:08:08,806 WARN com.netflix.config.sources.URLConfigurationSource [Thread-8] No URLs will be polled as dynamic configuration sources.
2020-02-27 11:08:08,806 INFO com.netflix.config.sources.URLConfigurationSource [Thread-8] To enable URLs as dynamic configuration sources, define System property archaius.configurationSource.additionalUrls or make config.properties available on classpath.
2020-02-27 11:08:10,835 INFO com.walmartassignment.WalmartAssignmentApplication [restartedMain] No active profile set, falling back to default profiles: default
2020-02-27 11:08:11,636 INFO org.springframework.cloud.context.scope.GenericScope [restartedMain] BeanFactory id=1c29bd3b-49de-3953-83f8-1b4908bbd360
2020-02-27 11:08:12,181 INFO org.springframework.boot.web.embedded.tomcat.TomcatWebServer [restartedMain] Tomcat initialized with port(s): 8080 (http)
2020-02-27 11:08:12,182 INFO org.apache.coyote.http11.Http11NioProtocol [restartedMain] Initializing ProtocolHandler ["http-nio-8080"]
2020-02-27 11:08:12,183 INFO org.apache.catalina.core.StandardService [restartedMain] Starting service [Tomcat]
2020-02-27 11:08:12,184 INFO org.apache.catalina.core.StandardEngine [restartedMain] Starting Servlet engine: [Apache Tomcat/9.0.30]
2020-02-27 11:08:12,254 INFO org.apache.catalina.core.ContainerBase.[Tomcat].[localhost].[/] [restartedMain] Initializing Spring embedded WebApplicationContext
2020-02-27 11:08:12,255 INFO org.springframework.web.context.ContextLoader [restartedMain] Root WebApplicationContext: initialization completed in 1411 ms
2020-02-27 11:08:12,375 WARN org.springframework.cloud.netflix.archaius.ArchaiusAutoConfiguration [restartedMain] No spring.application.name found, defaulting to 'application'
2020-02-27 11:08:12,376 WARN com.netflix.config.sources.URLConfigurationSource [restartedMain] No URLs will be polled as dynamic configuration sources.
2020-02-27 11:08:12,377 INFO com.netflix.config.sources.URLConfigurationSource [restartedMain] To enable URLs as dynamic configuration sources, define System property archaius.configurationSource.additionalUrls or make config.properties available on classpath.
2020-02-27 11:08:12,630 INFO org.springframework.scheduling.concurrent.ThreadPoolTaskExecutor [restartedMain] Initializing ExecutorService 'applicationTaskExecutor'
2020-02-27 11:08:12,907 INFO org.springframework.boot.devtools.autoconfigure.OptionalLiveReloadServer [restartedMain] LiveReload server is running on port 35729
2020-02-27 11:08:14,228 INFO org.apache.coyote.http11.Http11NioProtocol [restartedMain] Starting ProtocolHandler ["http-nio-8080"]
2020-02-27 11:08:14,236 INFO org.springframework.boot.web.embedded.tomcat.TomcatWebServer [restartedMain] Tomcat started on port(s): 8080 (http) with context path ''
2020-02-27 11:08:14,985 INFO com.walmartassignment.WalmartAssignmentApplication [restartedMain] Started WalmartAssignmentApplication in 5.656 seconds (JVM running for 7338.768)
2020-02-27 11:08:14,990 INFO org.springframework.boot.devtools.autoconfigure.ConditionEvaluationDeltaLoggingListener [restartedMain] Condition evaluation unchanged
2020-02-27 11:08:14,990 DEBUG com.walmartassignment.WalmartAssignmentApplication [restartedMain] Application Started ...
